///////////// A request at 09/15/2015 03:29:45 /////////////
//// Result Status
Success
//// Execution Time
207ms
//// Client Name
RVMonitor
//// Logic Name
ltl
//// Logic Repository Input

<mop>
    <Client>RVMonitor</Client>
    <Events>insert insert2DB2 insert2DB3</Events>
    <Property>
        <Logic>ltl</Logic>
        <Formula>insert2DB2 =&gt; &lt;&gt; insert2DB3</Formula>
    </Property>
    <Categories>fail</Categories>
</mop>

//// 1. Logic Plugin Input to ltl

<mop>
    <Client>RVMonitor</Client>
    <Events>insert insert2DB2 insert2DB3</Events>
    <Property>
        <Logic>ltl</Logic>
        <Formula>insert2DB2 =&gt; &lt;&gt; insert2DB3</Formula>
    </Property>
    <Categories>fail</Categories>
</mop>

//// 1. Logic Plugin Output from ltl

<mop>
    <Client>RVMonitor</Client>
    <Events>insert insert2DB2 insert2DB3</Events>
    <Property>
        <Logic>fsm</Logic>
        <Formula>s0[
insert2DB2 -&gt; s1
insert -&gt; s1
insert2DB3 -&gt; s1
default s1]

s1[
insert2DB2 -&gt; s1
insert -&gt; s1
insert2DB3 -&gt; s1
default s1]
</Formula>
    </Property>
    <Categories>fail</Categories>
</mop>

//// 2. Logic Plugin Input to fsm

<mop>
    <Client>RVMonitor</Client>
    <Events>insert insert2DB2 insert2DB3</Events>
    <Property>
        <Logic>fsm</Logic>
        <Formula>s0[
insert2DB2 -&gt; s1
insert -&gt; s1
insert2DB3 -&gt; s1
default s1]

s1[
insert2DB2 -&gt; s1
insert -&gt; s1
insert2DB3 -&gt; s1
default s1]
</Formula>
    </Property>
    <Categories>fail</Categories>
</mop>

//// 2. Logic Plugin Output from fsm

<mop>
    <Client>RVMonitor</Client>
    <Events>insert insert2DB2 insert2DB3</Events>
    <Property>
        <Logic>fsm</Logic>
        <Formula>s0_s1[
  default s0_s1
  insert2DB3 -&gt; s0_s1
  insert2DB2 -&gt; s0_s1
  insert -&gt; s0_s1
]
</Formula>
    </Property>
    <Categories>fail</Categories>
    <CreationEvents></CreationEvents>
    <Message>done</Message>
    <EnableSets>// fail Enables
{insert2DB3=[], insert2DB2=[], insert=[]}
// fail Coenables
{insert2DB3=[], insert2DB2=[], insert=[]}
</EnableSets>
</mop>

//// Logic Repository Output

<mop>
    <Client>RVMonitor</Client>
    <Events>insert insert2DB2 insert2DB3</Events>
    <Property>
        <Logic>fsm</Logic>
        <Formula>s0_s1[
  default s0_s1
  insert2DB3 -&gt; s0_s1
  insert2DB2 -&gt; s0_s1
  insert -&gt; s0_s1
]
</Formula>
    </Property>
    <Categories>fail</Categories>
    <CreationEvents></CreationEvents>
    <Message>done</Message>
    <EnableSets>// fail Enables
{insert2DB3=[], insert2DB2=[], insert=[]}
// fail Coenables
{insert2DB3=[], insert2DB2=[], insert=[]}
</EnableSets>
</mop>

///////////// A request at 09/15/2015 03:35:18 /////////////
//// Result Status
Success
//// Execution Time
204ms
//// Client Name
RVMonitor
//// Logic Name
ltl
//// Logic Repository Input

<mop>
    <Client>RVMonitor</Client>
    <Events>insert insert2DB2 insert2DB3</Events>
    <Property>
        <Logic>ltl</Logic>
        <Formula>insert2DB2 =&gt; &lt;&gt; insert2DB3</Formula>
    </Property>
    <Categories>fail</Categories>
</mop>

//// 1. Logic Plugin Input to ltl

<mop>
    <Client>RVMonitor</Client>
    <Events>insert insert2DB2 insert2DB3</Events>
    <Property>
        <Logic>ltl</Logic>
        <Formula>insert2DB2 =&gt; &lt;&gt; insert2DB3</Formula>
    </Property>
    <Categories>fail</Categories>
</mop>

//// 1. Logic Plugin Output from ltl

<mop>
    <Client>RVMonitor</Client>
    <Events>insert insert2DB2 insert2DB3</Events>
    <Property>
        <Logic>fsm</Logic>
        <Formula>s0[
insert2DB2 -&gt; s1
insert -&gt; s1
insert2DB3 -&gt; s1
default s1]

s1[
insert2DB2 -&gt; s1
insert -&gt; s1
insert2DB3 -&gt; s1
default s1]
</Formula>
    </Property>
    <Categories>fail</Categories>
</mop>

//// 2. Logic Plugin Input to fsm

<mop>
    <Client>RVMonitor</Client>
    <Events>insert insert2DB2 insert2DB3</Events>
    <Property>
        <Logic>fsm</Logic>
        <Formula>s0[
insert2DB2 -&gt; s1
insert -&gt; s1
insert2DB3 -&gt; s1
default s1]

s1[
insert2DB2 -&gt; s1
insert -&gt; s1
insert2DB3 -&gt; s1
default s1]
</Formula>
    </Property>
    <Categories>fail</Categories>
</mop>

//// 2. Logic Plugin Output from fsm

<mop>
    <Client>RVMonitor</Client>
    <Events>insert insert2DB2 insert2DB3</Events>
    <Property>
        <Logic>fsm</Logic>
        <Formula>s0_s1[
  default s0_s1
  insert2DB3 -&gt; s0_s1
  insert2DB2 -&gt; s0_s1
  insert -&gt; s0_s1
]
</Formula>
    </Property>
    <Categories>fail</Categories>
    <CreationEvents></CreationEvents>
    <Message>done</Message>
    <EnableSets>// fail Enables
{insert2DB3=[], insert2DB2=[], insert=[]}
// fail Coenables
{insert2DB3=[], insert2DB2=[], insert=[]}
</EnableSets>
</mop>

//// Logic Repository Output

<mop>
    <Client>RVMonitor</Client>
    <Events>insert insert2DB2 insert2DB3</Events>
    <Property>
        <Logic>fsm</Logic>
        <Formula>s0_s1[
  default s0_s1
  insert2DB3 -&gt; s0_s1
  insert2DB2 -&gt; s0_s1
  insert -&gt; s0_s1
]
</Formula>
    </Property>
    <Categories>fail</Categories>
    <CreationEvents></CreationEvents>
    <Message>done</Message>
    <EnableSets>// fail Enables
{insert2DB3=[], insert2DB2=[], insert=[]}
// fail Coenables
{insert2DB3=[], insert2DB2=[], insert=[]}
</EnableSets>
</mop>

///////////// A request at 09/15/2015 03:36:58 /////////////
//// Result Status
Success
//// Execution Time
205ms
//// Client Name
RVMonitor
//// Logic Name
ltl
//// Logic Repository Input

<mop>
    <Client>RVMonitor</Client>
    <Events>insert insert2DB2 insert2DB3</Events>
    <Property>
        <Logic>ltl</Logic>
        <Formula>insert2DB2 =&gt; &lt;&gt; insert2DB3</Formula>
    </Property>
    <Categories>fail</Categories>
</mop>

//// 1. Logic Plugin Input to ltl

<mop>
    <Client>RVMonitor</Client>
    <Events>insert insert2DB2 insert2DB3</Events>
    <Property>
        <Logic>ltl</Logic>
        <Formula>insert2DB2 =&gt; &lt;&gt; insert2DB3</Formula>
    </Property>
    <Categories>fail</Categories>
</mop>

//// 1. Logic Plugin Output from ltl

<mop>
    <Client>RVMonitor</Client>
    <Events>insert insert2DB2 insert2DB3</Events>
    <Property>
        <Logic>fsm</Logic>
        <Formula>s0[
insert2DB2 -&gt; s1
insert -&gt; s1
insert2DB3 -&gt; s1
default s1]

s1[
insert2DB2 -&gt; s1
insert -&gt; s1
insert2DB3 -&gt; s1
default s1]
</Formula>
    </Property>
    <Categories>fail</Categories>
</mop>

//// 2. Logic Plugin Input to fsm

<mop>
    <Client>RVMonitor</Client>
    <Events>insert insert2DB2 insert2DB3</Events>
    <Property>
        <Logic>fsm</Logic>
        <Formula>s0[
insert2DB2 -&gt; s1
insert -&gt; s1
insert2DB3 -&gt; s1
default s1]

s1[
insert2DB2 -&gt; s1
insert -&gt; s1
insert2DB3 -&gt; s1
default s1]
</Formula>
    </Property>
    <Categories>fail</Categories>
</mop>

//// 2. Logic Plugin Output from fsm

<mop>
    <Client>RVMonitor</Client>
    <Events>insert insert2DB2 insert2DB3</Events>
    <Property>
        <Logic>fsm</Logic>
        <Formula>s0_s1[
  default s0_s1
  insert2DB3 -&gt; s0_s1
  insert2DB2 -&gt; s0_s1
  insert -&gt; s0_s1
]
</Formula>
    </Property>
    <Categories>fail</Categories>
    <CreationEvents></CreationEvents>
    <Message>done</Message>
    <EnableSets>// fail Enables
{insert2DB3=[], insert2DB2=[], insert=[]}
// fail Coenables
{insert2DB3=[], insert2DB2=[], insert=[]}
</EnableSets>
</mop>

//// Logic Repository Output

<mop>
    <Client>RVMonitor</Client>
    <Events>insert insert2DB2 insert2DB3</Events>
    <Property>
        <Logic>fsm</Logic>
        <Formula>s0_s1[
  default s0_s1
  insert2DB3 -&gt; s0_s1
  insert2DB2 -&gt; s0_s1
  insert -&gt; s0_s1
]
</Formula>
    </Property>
    <Categories>fail</Categories>
    <CreationEvents></CreationEvents>
    <Message>done</Message>
    <EnableSets>// fail Enables
{insert2DB3=[], insert2DB2=[], insert=[]}
// fail Coenables
{insert2DB3=[], insert2DB2=[], insert=[]}
</EnableSets>
</mop>

///////////// A request at 09/15/2015 04:19:06 /////////////
//// Result Status
Success
//// Execution Time
211ms
//// Client Name
RVMonitor
//// Logic Name
ltl
//// Logic Repository Input

<mop>
    <Client>RVMonitor</Client>
    <Events>insert insert2DB2 insert2DB3</Events>
    <Property>
        <Logic>ltl</Logic>
        <Formula>insert2DB2 =&gt; &lt;&gt; insert2DB3</Formula>
    </Property>
    <Categories>fail</Categories>
</mop>

//// 1. Logic Plugin Input to ltl

<mop>
    <Client>RVMonitor</Client>
    <Events>insert insert2DB2 insert2DB3</Events>
    <Property>
        <Logic>ltl</Logic>
        <Formula>insert2DB2 =&gt; &lt;&gt; insert2DB3</Formula>
    </Property>
    <Categories>fail</Categories>
</mop>

//// 1. Logic Plugin Output from ltl

<mop>
    <Client>RVMonitor</Client>
    <Events>insert insert2DB2 insert2DB3</Events>
    <Property>
        <Logic>fsm</Logic>
        <Formula>s0[
insert2DB2 -&gt; s1
insert -&gt; s1
insert2DB3 -&gt; s1
default s1]

s1[
insert2DB2 -&gt; s1
insert -&gt; s1
insert2DB3 -&gt; s1
default s1]
</Formula>
    </Property>
    <Categories>fail</Categories>
</mop>

//// 2. Logic Plugin Input to fsm

<mop>
    <Client>RVMonitor</Client>
    <Events>insert insert2DB2 insert2DB3</Events>
    <Property>
        <Logic>fsm</Logic>
        <Formula>s0[
insert2DB2 -&gt; s1
insert -&gt; s1
insert2DB3 -&gt; s1
default s1]

s1[
insert2DB2 -&gt; s1
insert -&gt; s1
insert2DB3 -&gt; s1
default s1]
</Formula>
    </Property>
    <Categories>fail</Categories>
</mop>

//// 2. Logic Plugin Output from fsm

<mop>
    <Client>RVMonitor</Client>
    <Events>insert insert2DB2 insert2DB3</Events>
    <Property>
        <Logic>fsm</Logic>
        <Formula>s0_s1[
  default s0_s1
  insert2DB3 -&gt; s0_s1
  insert2DB2 -&gt; s0_s1
  insert -&gt; s0_s1
]
</Formula>
    </Property>
    <Categories>fail</Categories>
    <CreationEvents></CreationEvents>
    <Message>done</Message>
    <EnableSets>// fail Enables
{insert2DB3=[], insert2DB2=[], insert=[]}
// fail Coenables
{insert2DB3=[], insert2DB2=[], insert=[]}
</EnableSets>
</mop>

//// Logic Repository Output

<mop>
    <Client>RVMonitor</Client>
    <Events>insert insert2DB2 insert2DB3</Events>
    <Property>
        <Logic>fsm</Logic>
        <Formula>s0_s1[
  default s0_s1
  insert2DB3 -&gt; s0_s1
  insert2DB2 -&gt; s0_s1
  insert -&gt; s0_s1
]
</Formula>
    </Property>
    <Categories>fail</Categories>
    <CreationEvents></CreationEvents>
    <Message>done</Message>
    <EnableSets>// fail Enables
{insert2DB3=[], insert2DB2=[], insert=[]}
// fail Coenables
{insert2DB3=[], insert2DB2=[], insert=[]}
</EnableSets>
</mop>

///////////// A request at 09/15/2015 04:20:23 /////////////
//// Result Status
Success
//// Execution Time
205ms
//// Client Name
RVMonitor
//// Logic Name
ltl
//// Logic Repository Input

<mop>
    <Client>RVMonitor</Client>
    <Events>insert insert2DB2 insert2DB3</Events>
    <Property>
        <Logic>ltl</Logic>
        <Formula>insert2DB2 =&gt; &lt;&gt; insert2DB3</Formula>
    </Property>
    <Categories>fail</Categories>
</mop>

//// 1. Logic Plugin Input to ltl

<mop>
    <Client>RVMonitor</Client>
    <Events>insert insert2DB2 insert2DB3</Events>
    <Property>
        <Logic>ltl</Logic>
        <Formula>insert2DB2 =&gt; &lt;&gt; insert2DB3</Formula>
    </Property>
    <Categories>fail</Categories>
</mop>

//// 1. Logic Plugin Output from ltl

<mop>
    <Client>RVMonitor</Client>
    <Events>insert insert2DB2 insert2DB3</Events>
    <Property>
        <Logic>fsm</Logic>
        <Formula>s0[
insert2DB2 -&gt; s1
insert -&gt; s1
insert2DB3 -&gt; s1
default s1]

s1[
insert2DB2 -&gt; s1
insert -&gt; s1
insert2DB3 -&gt; s1
default s1]
</Formula>
    </Property>
    <Categories>fail</Categories>
</mop>

//// 2. Logic Plugin Input to fsm

<mop>
    <Client>RVMonitor</Client>
    <Events>insert insert2DB2 insert2DB3</Events>
    <Property>
        <Logic>fsm</Logic>
        <Formula>s0[
insert2DB2 -&gt; s1
insert -&gt; s1
insert2DB3 -&gt; s1
default s1]

s1[
insert2DB2 -&gt; s1
insert -&gt; s1
insert2DB3 -&gt; s1
default s1]
</Formula>
    </Property>
    <Categories>fail</Categories>
</mop>

//// 2. Logic Plugin Output from fsm

<mop>
    <Client>RVMonitor</Client>
    <Events>insert insert2DB2 insert2DB3</Events>
    <Property>
        <Logic>fsm</Logic>
        <Formula>s0_s1[
  default s0_s1
  insert2DB3 -&gt; s0_s1
  insert2DB2 -&gt; s0_s1
  insert -&gt; s0_s1
]
</Formula>
    </Property>
    <Categories>fail</Categories>
    <CreationEvents></CreationEvents>
    <Message>done</Message>
    <EnableSets>// fail Enables
{insert2DB3=[], insert2DB2=[], insert=[]}
// fail Coenables
{insert2DB3=[], insert2DB2=[], insert=[]}
</EnableSets>
</mop>

//// Logic Repository Output

<mop>
    <Client>RVMonitor</Client>
    <Events>insert insert2DB2 insert2DB3</Events>
    <Property>
        <Logic>fsm</Logic>
        <Formula>s0_s1[
  default s0_s1
  insert2DB3 -&gt; s0_s1
  insert2DB2 -&gt; s0_s1
  insert -&gt; s0_s1
]
</Formula>
    </Property>
    <Categories>fail</Categories>
    <CreationEvents></CreationEvents>
    <Message>done</Message>
    <EnableSets>// fail Enables
{insert2DB3=[], insert2DB2=[], insert=[]}
// fail Coenables
{insert2DB3=[], insert2DB2=[], insert=[]}
</EnableSets>
</mop>

///////////// A request at 09/15/2015 04:22:20 /////////////
//// Result Status
Success
//// Execution Time
208ms
//// Client Name
RVMonitor
//// Logic Name
ltl
//// Logic Repository Input

<mop>
    <Client>RVMonitor</Client>
    <Events>insert insert2DB2 insert2DB3</Events>
    <Property>
        <Logic>ltl</Logic>
        <Formula>insert2DB2 =&gt; &lt;&gt; insert2DB3</Formula>
    </Property>
    <Categories>fail</Categories>
</mop>

//// 1. Logic Plugin Input to ltl

<mop>
    <Client>RVMonitor</Client>
    <Events>insert insert2DB2 insert2DB3</Events>
    <Property>
        <Logic>ltl</Logic>
        <Formula>insert2DB2 =&gt; &lt;&gt; insert2DB3</Formula>
    </Property>
    <Categories>fail</Categories>
</mop>

//// 1. Logic Plugin Output from ltl

<mop>
    <Client>RVMonitor</Client>
    <Events>insert insert2DB2 insert2DB3</Events>
    <Property>
        <Logic>fsm</Logic>
        <Formula>s0[
insert2DB2 -&gt; s1
insert -&gt; s1
insert2DB3 -&gt; s1
default s1]

s1[
insert2DB2 -&gt; s1
insert -&gt; s1
insert2DB3 -&gt; s1
default s1]
</Formula>
    </Property>
    <Categories>fail</Categories>
</mop>

//// 2. Logic Plugin Input to fsm

<mop>
    <Client>RVMonitor</Client>
    <Events>insert insert2DB2 insert2DB3</Events>
    <Property>
        <Logic>fsm</Logic>
        <Formula>s0[
insert2DB2 -&gt; s1
insert -&gt; s1
insert2DB3 -&gt; s1
default s1]

s1[
insert2DB2 -&gt; s1
insert -&gt; s1
insert2DB3 -&gt; s1
default s1]
</Formula>
    </Property>
    <Categories>fail</Categories>
</mop>

//// 2. Logic Plugin Output from fsm

<mop>
    <Client>RVMonitor</Client>
    <Events>insert insert2DB2 insert2DB3</Events>
    <Property>
        <Logic>fsm</Logic>
        <Formula>s0_s1[
  default s0_s1
  insert2DB3 -&gt; s0_s1
  insert2DB2 -&gt; s0_s1
  insert -&gt; s0_s1
]
</Formula>
    </Property>
    <Categories>fail</Categories>
    <CreationEvents></CreationEvents>
    <Message>done</Message>
    <EnableSets>// fail Enables
{insert2DB3=[], insert2DB2=[], insert=[]}
// fail Coenables
{insert2DB3=[], insert2DB2=[], insert=[]}
</EnableSets>
</mop>

//// Logic Repository Output

<mop>
    <Client>RVMonitor</Client>
    <Events>insert insert2DB2 insert2DB3</Events>
    <Property>
        <Logic>fsm</Logic>
        <Formula>s0_s1[
  default s0_s1
  insert2DB3 -&gt; s0_s1
  insert2DB2 -&gt; s0_s1
  insert -&gt; s0_s1
]
</Formula>
    </Property>
    <Categories>fail</Categories>
    <CreationEvents></CreationEvents>
    <Message>done</Message>
    <EnableSets>// fail Enables
{insert2DB3=[], insert2DB2=[], insert=[]}
// fail Coenables
{insert2DB3=[], insert2DB2=[], insert=[]}
</EnableSets>
</mop>

