///////////// A request at 07/21/2015 08:48:45 /////////////
//// Result Status
Success
//// Execution Time
743ms
//// Client Name
RVMonitor
//// Logic Name
ere
//// Logic Repository Input

<mop>
    <Client>RVMonitor</Client>
    <Events>createColl createIter useIter updateMap</Events>
    <Property>
        <Logic>ere</Logic>
        <Formula>createColl updateMap*createIter useIter*updateMap updateMap*useIter</Formula>
    </Property>
    <Categories>match</Categories>
</mop>

//// 1. Logic Plugin Input to ere

<mop>
    <Client>RVMonitor</Client>
    <Events>createColl createIter useIter updateMap</Events>
    <Property>
        <Logic>ere</Logic>
        <Formula>createColl updateMap*createIter useIter*updateMap updateMap*useIter</Formula>
    </Property>
    <Categories>match</Categories>
</mop>

//// 1. Logic Plugin Output from ere

<mop>
    <Client>RVMonitor</Client>
    <Events>createColl createIter useIter updateMap</Events>
    <Property>
        <Logic>fsm</Logic>
        <Formula>s0 [
   createColl -&gt; s1
]
s1 [
   createIter -&gt; s2
   updateMap -&gt; s1
]
s2 [
   useIter -&gt; s2
   updateMap -&gt; s3
]
s3 [
   useIter -&gt; s4
   updateMap -&gt; s3
]
s4 [
]
alias match = s4 
</Formula>
    </Property>
    <Categories>match</Categories>
</mop>

//// 2. Logic Plugin Input to fsm

<mop>
    <Client>RVMonitor</Client>
    <Events>createColl createIter useIter updateMap</Events>
    <Property>
        <Logic>fsm</Logic>
        <Formula>s0 [
   createColl -&gt; s1
]
s1 [
   createIter -&gt; s2
   updateMap -&gt; s1
]
s2 [
   useIter -&gt; s2
   updateMap -&gt; s3
]
s3 [
   useIter -&gt; s4
   updateMap -&gt; s3
]
s4 [
]
alias match = s4 
</Formula>
    </Property>
    <Categories>match</Categories>
</mop>

//// 2. Logic Plugin Output from fsm

<mop>
    <Client>RVMonitor</Client>
    <Events>createColl createIter useIter updateMap</Events>
    <Property>
        <Logic>fsm</Logic>
        <Formula>s0[
  createColl -&gt; s1
]
s2[
  updateMap -&gt; s3
  useIter -&gt; s2
]
s1[
  updateMap -&gt; s1
  createIter -&gt; s2
]
s3[
  updateMap -&gt; s3
  useIter -&gt; s4
]
s4[

]
alias match = s4
</Formula>
    </Property>
    <Categories>match</Categories>
    <CreationEvents> createColl</CreationEvents>
    <Message>done</Message>
    <EnableSets>// match Enables
{updateMap=[[createColl], [updateMap, useIter, createColl, createIter], [createColl, updateMap, createIter], [createColl, updateMap], [createColl, useIter, createIter], [createColl, createIter]], createColl=[[]], createIter=[[createColl], [createColl, updateMap]], useIter=[[updateMap, useIter, createColl, createIter], [updateMap, createColl, createIter], [createColl, useIter, createIter], [createColl, createIter]]}
// match Coenables
{updateMap=[[updateMap, createIter, useIter], [useIter], [updateMap, useIter]], createColl=[[updateMap, createIter, useIter]], createIter=[[updateMap, useIter]], useIter=[[updateMap, useIter]]}
</EnableSets>
</mop>

//// Logic Repository Output

<mop>
    <Client>RVMonitor</Client>
    <Events>createColl createIter useIter updateMap</Events>
    <Property>
        <Logic>fsm</Logic>
        <Formula>s0[
  createColl -&gt; s1
]
s2[
  updateMap -&gt; s3
  useIter -&gt; s2
]
s1[
  updateMap -&gt; s1
  createIter -&gt; s2
]
s3[
  updateMap -&gt; s3
  useIter -&gt; s4
]
s4[

]
alias match = s4
</Formula>
    </Property>
    <Categories>match</Categories>
    <CreationEvents> createColl</CreationEvents>
    <Message>done</Message>
    <EnableSets>// match Enables
{updateMap=[[createColl], [updateMap, useIter, createColl, createIter], [createColl, updateMap, createIter], [createColl, updateMap], [createColl, useIter, createIter], [createColl, createIter]], createColl=[[]], createIter=[[createColl], [createColl, updateMap]], useIter=[[updateMap, useIter, createColl, createIter], [updateMap, createColl, createIter], [createColl, useIter, createIter], [createColl, createIter]]}
// match Coenables
{updateMap=[[updateMap, createIter, useIter], [useIter], [updateMap, useIter]], createColl=[[updateMap, createIter, useIter]], createIter=[[updateMap, useIter]], useIter=[[updateMap, useIter]]}
</EnableSets>
</mop>

///////////// A request at 07/21/2015 09:47:44 /////////////
//// Result Status
Success
//// Execution Time
859ms
//// Client Name
RVMonitor
//// Logic Name
ere
//// Logic Repository Input

<mop>
    <Client>RVMonitor</Client>
    <Events>createColl createIter useIter updateMap</Events>
    <Property>
        <Logic>ere</Logic>
        <Formula>createColl updateMap*createIter useIter*updateMap updateMap*useIter</Formula>
    </Property>
    <Categories>match</Categories>
</mop>

//// 1. Logic Plugin Input to ere

<mop>
    <Client>RVMonitor</Client>
    <Events>createColl createIter useIter updateMap</Events>
    <Property>
        <Logic>ere</Logic>
        <Formula>createColl updateMap*createIter useIter*updateMap updateMap*useIter</Formula>
    </Property>
    <Categories>match</Categories>
</mop>

//// 1. Logic Plugin Output from ere

<mop>
    <Client>RVMonitor</Client>
    <Events>createColl createIter useIter updateMap</Events>
    <Property>
        <Logic>fsm</Logic>
        <Formula>s0 [
   createColl -&gt; s1
]
s1 [
   createIter -&gt; s2
   updateMap -&gt; s1
]
s2 [
   useIter -&gt; s2
   updateMap -&gt; s3
]
s3 [
   useIter -&gt; s4
   updateMap -&gt; s3
]
s4 [
]
alias match = s4 
</Formula>
    </Property>
    <Categories>match</Categories>
</mop>

//// 2. Logic Plugin Input to fsm

<mop>
    <Client>RVMonitor</Client>
    <Events>createColl createIter useIter updateMap</Events>
    <Property>
        <Logic>fsm</Logic>
        <Formula>s0 [
   createColl -&gt; s1
]
s1 [
   createIter -&gt; s2
   updateMap -&gt; s1
]
s2 [
   useIter -&gt; s2
   updateMap -&gt; s3
]
s3 [
   useIter -&gt; s4
   updateMap -&gt; s3
]
s4 [
]
alias match = s4 
</Formula>
    </Property>
    <Categories>match</Categories>
</mop>

//// 2. Logic Plugin Output from fsm

<mop>
    <Client>RVMonitor</Client>
    <Events>createColl createIter useIter updateMap</Events>
    <Property>
        <Logic>fsm</Logic>
        <Formula>s0[
  createColl -&gt; s1
]
s2[
  updateMap -&gt; s3
  useIter -&gt; s2
]
s1[
  updateMap -&gt; s1
  createIter -&gt; s2
]
s3[
  updateMap -&gt; s3
  useIter -&gt; s4
]
s4[

]
alias match = s4
</Formula>
    </Property>
    <Categories>match</Categories>
    <CreationEvents> createColl</CreationEvents>
    <Message>done</Message>
    <EnableSets>// match Enables
{updateMap=[[createColl], [updateMap, useIter, createColl, createIter], [createColl, updateMap, createIter], [createColl, updateMap], [createColl, useIter, createIter], [createColl, createIter]], createColl=[[]], createIter=[[createColl], [createColl, updateMap]], useIter=[[updateMap, useIter, createColl, createIter], [updateMap, createColl, createIter], [createColl, useIter, createIter], [createColl, createIter]]}
// match Coenables
{updateMap=[[updateMap, createIter, useIter], [useIter], [updateMap, useIter]], createColl=[[updateMap, createIter, useIter]], createIter=[[updateMap, useIter]], useIter=[[updateMap, useIter]]}
</EnableSets>
</mop>

//// Logic Repository Output

<mop>
    <Client>RVMonitor</Client>
    <Events>createColl createIter useIter updateMap</Events>
    <Property>
        <Logic>fsm</Logic>
        <Formula>s0[
  createColl -&gt; s1
]
s2[
  updateMap -&gt; s3
  useIter -&gt; s2
]
s1[
  updateMap -&gt; s1
  createIter -&gt; s2
]
s3[
  updateMap -&gt; s3
  useIter -&gt; s4
]
s4[

]
alias match = s4
</Formula>
    </Property>
    <Categories>match</Categories>
    <CreationEvents> createColl</CreationEvents>
    <Message>done</Message>
    <EnableSets>// match Enables
{updateMap=[[createColl], [updateMap, useIter, createColl, createIter], [createColl, updateMap, createIter], [createColl, updateMap], [createColl, useIter, createIter], [createColl, createIter]], createColl=[[]], createIter=[[createColl], [createColl, updateMap]], useIter=[[updateMap, useIter, createColl, createIter], [updateMap, createColl, createIter], [createColl, useIter, createIter], [createColl, createIter]]}
// match Coenables
{updateMap=[[updateMap, createIter, useIter], [useIter], [updateMap, useIter]], createColl=[[updateMap, createIter, useIter]], createIter=[[updateMap, useIter]], useIter=[[updateMap, useIter]]}
</EnableSets>
</mop>

///////////// A request at 07/21/2015 09:48:54 /////////////
//// Result Status
Success
//// Execution Time
727ms
//// Client Name
RVMonitor
//// Logic Name
ere
//// Logic Repository Input

<mop>
    <Client>RVMonitor</Client>
    <Events>createColl createIter useIter updateMap</Events>
    <Property>
        <Logic>ere</Logic>
        <Formula>createColl updateMap*createIter useIter*updateMap updateMap*useIter</Formula>
    </Property>
    <Categories>match</Categories>
</mop>

//// 1. Logic Plugin Input to ere

<mop>
    <Client>RVMonitor</Client>
    <Events>createColl createIter useIter updateMap</Events>
    <Property>
        <Logic>ere</Logic>
        <Formula>createColl updateMap*createIter useIter*updateMap updateMap*useIter</Formula>
    </Property>
    <Categories>match</Categories>
</mop>

//// 1. Logic Plugin Output from ere

<mop>
    <Client>RVMonitor</Client>
    <Events>createColl createIter useIter updateMap</Events>
    <Property>
        <Logic>fsm</Logic>
        <Formula>s0 [
   createColl -&gt; s1
]
s1 [
   createIter -&gt; s2
   updateMap -&gt; s1
]
s2 [
   useIter -&gt; s2
   updateMap -&gt; s3
]
s3 [
   useIter -&gt; s4
   updateMap -&gt; s3
]
s4 [
]
alias match = s4 
</Formula>
    </Property>
    <Categories>match</Categories>
</mop>

//// 2. Logic Plugin Input to fsm

<mop>
    <Client>RVMonitor</Client>
    <Events>createColl createIter useIter updateMap</Events>
    <Property>
        <Logic>fsm</Logic>
        <Formula>s0 [
   createColl -&gt; s1
]
s1 [
   createIter -&gt; s2
   updateMap -&gt; s1
]
s2 [
   useIter -&gt; s2
   updateMap -&gt; s3
]
s3 [
   useIter -&gt; s4
   updateMap -&gt; s3
]
s4 [
]
alias match = s4 
</Formula>
    </Property>
    <Categories>match</Categories>
</mop>

//// 2. Logic Plugin Output from fsm

<mop>
    <Client>RVMonitor</Client>
    <Events>createColl createIter useIter updateMap</Events>
    <Property>
        <Logic>fsm</Logic>
        <Formula>s0[
  createColl -&gt; s1
]
s2[
  updateMap -&gt; s3
  useIter -&gt; s2
]
s1[
  updateMap -&gt; s1
  createIter -&gt; s2
]
s3[
  updateMap -&gt; s3
  useIter -&gt; s4
]
s4[

]
alias match = s4
</Formula>
    </Property>
    <Categories>match</Categories>
    <CreationEvents> createColl</CreationEvents>
    <Message>done</Message>
    <EnableSets>// match Enables
{updateMap=[[createColl], [updateMap, useIter, createColl, createIter], [createColl, updateMap, createIter], [createColl, updateMap], [createColl, useIter, createIter], [createColl, createIter]], createColl=[[]], createIter=[[createColl], [createColl, updateMap]], useIter=[[updateMap, useIter, createColl, createIter], [updateMap, createColl, createIter], [createColl, useIter, createIter], [createColl, createIter]]}
// match Coenables
{updateMap=[[updateMap, createIter, useIter], [useIter], [updateMap, useIter]], createColl=[[updateMap, createIter, useIter]], createIter=[[updateMap, useIter]], useIter=[[updateMap, useIter]]}
</EnableSets>
</mop>

//// Logic Repository Output

<mop>
    <Client>RVMonitor</Client>
    <Events>createColl createIter useIter updateMap</Events>
    <Property>
        <Logic>fsm</Logic>
        <Formula>s0[
  createColl -&gt; s1
]
s2[
  updateMap -&gt; s3
  useIter -&gt; s2
]
s1[
  updateMap -&gt; s1
  createIter -&gt; s2
]
s3[
  updateMap -&gt; s3
  useIter -&gt; s4
]
s4[

]
alias match = s4
</Formula>
    </Property>
    <Categories>match</Categories>
    <CreationEvents> createColl</CreationEvents>
    <Message>done</Message>
    <EnableSets>// match Enables
{updateMap=[[createColl], [updateMap, useIter, createColl, createIter], [createColl, updateMap, createIter], [createColl, updateMap], [createColl, useIter, createIter], [createColl, createIter]], createColl=[[]], createIter=[[createColl], [createColl, updateMap]], useIter=[[updateMap, useIter, createColl, createIter], [updateMap, createColl, createIter], [createColl, useIter, createIter], [createColl, createIter]]}
// match Coenables
{updateMap=[[updateMap, createIter, useIter], [useIter], [updateMap, useIter]], createColl=[[updateMap, createIter, useIter]], createIter=[[updateMap, useIter]], useIter=[[updateMap, useIter]]}
</EnableSets>
</mop>

///////////// A request at 07/21/2015 09:49:34 /////////////
//// Result Status
Success
//// Execution Time
836ms
//// Client Name
RVMonitor
//// Logic Name
ere
//// Logic Repository Input

<mop>
    <Client>RVMonitor</Client>
    <Events>createColl createIter useIter updateMap</Events>
    <Property>
        <Logic>ere</Logic>
        <Formula>createColl updateMap*createIter useIter*updateMap updateMap*useIter</Formula>
    </Property>
    <Categories>match</Categories>
</mop>

//// 1. Logic Plugin Input to ere

<mop>
    <Client>RVMonitor</Client>
    <Events>createColl createIter useIter updateMap</Events>
    <Property>
        <Logic>ere</Logic>
        <Formula>createColl updateMap*createIter useIter*updateMap updateMap*useIter</Formula>
    </Property>
    <Categories>match</Categories>
</mop>

//// 1. Logic Plugin Output from ere

<mop>
    <Client>RVMonitor</Client>
    <Events>createColl createIter useIter updateMap</Events>
    <Property>
        <Logic>fsm</Logic>
        <Formula>s0 [
   createColl -&gt; s1
]
s1 [
   createIter -&gt; s2
   updateMap -&gt; s1
]
s2 [
   useIter -&gt; s2
   updateMap -&gt; s3
]
s3 [
   useIter -&gt; s4
   updateMap -&gt; s3
]
s4 [
]
alias match = s4 
</Formula>
    </Property>
    <Categories>match</Categories>
</mop>

//// 2. Logic Plugin Input to fsm

<mop>
    <Client>RVMonitor</Client>
    <Events>createColl createIter useIter updateMap</Events>
    <Property>
        <Logic>fsm</Logic>
        <Formula>s0 [
   createColl -&gt; s1
]
s1 [
   createIter -&gt; s2
   updateMap -&gt; s1
]
s2 [
   useIter -&gt; s2
   updateMap -&gt; s3
]
s3 [
   useIter -&gt; s4
   updateMap -&gt; s3
]
s4 [
]
alias match = s4 
</Formula>
    </Property>
    <Categories>match</Categories>
</mop>

//// 2. Logic Plugin Output from fsm

<mop>
    <Client>RVMonitor</Client>
    <Events>createColl createIter useIter updateMap</Events>
    <Property>
        <Logic>fsm</Logic>
        <Formula>s0[
  createColl -&gt; s1
]
s2[
  updateMap -&gt; s3
  useIter -&gt; s2
]
s1[
  updateMap -&gt; s1
  createIter -&gt; s2
]
s3[
  updateMap -&gt; s3
  useIter -&gt; s4
]
s4[

]
alias match = s4
</Formula>
    </Property>
    <Categories>match</Categories>
    <CreationEvents> createColl</CreationEvents>
    <Message>done</Message>
    <EnableSets>// match Enables
{updateMap=[[createColl], [updateMap, useIter, createColl, createIter], [createColl, updateMap, createIter], [createColl, updateMap], [createColl, useIter, createIter], [createColl, createIter]], createColl=[[]], createIter=[[createColl], [createColl, updateMap]], useIter=[[updateMap, useIter, createColl, createIter], [updateMap, createColl, createIter], [createColl, useIter, createIter], [createColl, createIter]]}
// match Coenables
{updateMap=[[updateMap, createIter, useIter], [useIter], [updateMap, useIter]], createColl=[[updateMap, createIter, useIter]], createIter=[[updateMap, useIter]], useIter=[[updateMap, useIter]]}
</EnableSets>
</mop>

//// Logic Repository Output

<mop>
    <Client>RVMonitor</Client>
    <Events>createColl createIter useIter updateMap</Events>
    <Property>
        <Logic>fsm</Logic>
        <Formula>s0[
  createColl -&gt; s1
]
s2[
  updateMap -&gt; s3
  useIter -&gt; s2
]
s1[
  updateMap -&gt; s1
  createIter -&gt; s2
]
s3[
  updateMap -&gt; s3
  useIter -&gt; s4
]
s4[

]
alias match = s4
</Formula>
    </Property>
    <Categories>match</Categories>
    <CreationEvents> createColl</CreationEvents>
    <Message>done</Message>
    <EnableSets>// match Enables
{updateMap=[[createColl], [updateMap, useIter, createColl, createIter], [createColl, updateMap, createIter], [createColl, updateMap], [createColl, useIter, createIter], [createColl, createIter]], createColl=[[]], createIter=[[createColl], [createColl, updateMap]], useIter=[[updateMap, useIter, createColl, createIter], [updateMap, createColl, createIter], [createColl, useIter, createIter], [createColl, createIter]]}
// match Coenables
{updateMap=[[updateMap, createIter, useIter], [useIter], [updateMap, useIter]], createColl=[[updateMap, createIter, useIter]], createIter=[[updateMap, useIter]], useIter=[[updateMap, useIter]]}
</EnableSets>
</mop>

///////////// A request at 07/21/2015 09:53:06 /////////////
//// Result Status
Success
//// Execution Time
755ms
//// Client Name
RVMonitor
//// Logic Name
ere
//// Logic Repository Input

<mop>
    <Client>RVMonitor</Client>
    <Events>createColl createIter useIter updateMap</Events>
    <Property>
        <Logic>ere</Logic>
        <Formula>createColl updateMap*createIter useIter*updateMap updateMap*useIter</Formula>
    </Property>
    <Categories>match</Categories>
</mop>

//// 1. Logic Plugin Input to ere

<mop>
    <Client>RVMonitor</Client>
    <Events>createColl createIter useIter updateMap</Events>
    <Property>
        <Logic>ere</Logic>
        <Formula>createColl updateMap*createIter useIter*updateMap updateMap*useIter</Formula>
    </Property>
    <Categories>match</Categories>
</mop>

//// 1. Logic Plugin Output from ere

<mop>
    <Client>RVMonitor</Client>
    <Events>createColl createIter useIter updateMap</Events>
    <Property>
        <Logic>fsm</Logic>
        <Formula>s0 [
   createColl -&gt; s1
]
s1 [
   createIter -&gt; s2
   updateMap -&gt; s1
]
s2 [
   useIter -&gt; s2
   updateMap -&gt; s3
]
s3 [
   useIter -&gt; s4
   updateMap -&gt; s3
]
s4 [
]
alias match = s4 
</Formula>
    </Property>
    <Categories>match</Categories>
</mop>

//// 2. Logic Plugin Input to fsm

<mop>
    <Client>RVMonitor</Client>
    <Events>createColl createIter useIter updateMap</Events>
    <Property>
        <Logic>fsm</Logic>
        <Formula>s0 [
   createColl -&gt; s1
]
s1 [
   createIter -&gt; s2
   updateMap -&gt; s1
]
s2 [
   useIter -&gt; s2
   updateMap -&gt; s3
]
s3 [
   useIter -&gt; s4
   updateMap -&gt; s3
]
s4 [
]
alias match = s4 
</Formula>
    </Property>
    <Categories>match</Categories>
</mop>

//// 2. Logic Plugin Output from fsm

<mop>
    <Client>RVMonitor</Client>
    <Events>createColl createIter useIter updateMap</Events>
    <Property>
        <Logic>fsm</Logic>
        <Formula>s0[
  createColl -&gt; s1
]
s2[
  updateMap -&gt; s3
  useIter -&gt; s2
]
s1[
  updateMap -&gt; s1
  createIter -&gt; s2
]
s3[
  updateMap -&gt; s3
  useIter -&gt; s4
]
s4[

]
alias match = s4
</Formula>
    </Property>
    <Categories>match</Categories>
    <CreationEvents> createColl</CreationEvents>
    <Message>done</Message>
    <EnableSets>// match Enables
{updateMap=[[createColl], [updateMap, useIter, createColl, createIter], [createColl, updateMap, createIter], [createColl, updateMap], [createColl, useIter, createIter], [createColl, createIter]], createColl=[[]], createIter=[[createColl], [createColl, updateMap]], useIter=[[updateMap, useIter, createColl, createIter], [updateMap, createColl, createIter], [createColl, useIter, createIter], [createColl, createIter]]}
// match Coenables
{updateMap=[[updateMap, createIter, useIter], [useIter], [updateMap, useIter]], createColl=[[updateMap, createIter, useIter]], createIter=[[updateMap, useIter]], useIter=[[updateMap, useIter]]}
</EnableSets>
</mop>

//// Logic Repository Output

<mop>
    <Client>RVMonitor</Client>
    <Events>createColl createIter useIter updateMap</Events>
    <Property>
        <Logic>fsm</Logic>
        <Formula>s0[
  createColl -&gt; s1
]
s2[
  updateMap -&gt; s3
  useIter -&gt; s2
]
s1[
  updateMap -&gt; s1
  createIter -&gt; s2
]
s3[
  updateMap -&gt; s3
  useIter -&gt; s4
]
s4[

]
alias match = s4
</Formula>
    </Property>
    <Categories>match</Categories>
    <CreationEvents> createColl</CreationEvents>
    <Message>done</Message>
    <EnableSets>// match Enables
{updateMap=[[createColl], [updateMap, useIter, createColl, createIter], [createColl, updateMap, createIter], [createColl, updateMap], [createColl, useIter, createIter], [createColl, createIter]], createColl=[[]], createIter=[[createColl], [createColl, updateMap]], useIter=[[updateMap, useIter, createColl, createIter], [updateMap, createColl, createIter], [createColl, useIter, createIter], [createColl, createIter]]}
// match Coenables
{updateMap=[[updateMap, createIter, useIter], [useIter], [updateMap, useIter]], createColl=[[updateMap, createIter, useIter]], createIter=[[updateMap, useIter]], useIter=[[updateMap, useIter]]}
</EnableSets>
</mop>

///////////// A request at 07/21/2015 09:57:46 /////////////
//// Result Status
Success
//// Execution Time
835ms
//// Client Name
RVMonitor
//// Logic Name
ere
//// Logic Repository Input

<mop>
    <Client>RVMonitor</Client>
    <Events>createColl createIter useIter updateMap</Events>
    <Property>
        <Logic>ere</Logic>
        <Formula>createColl updateMap*createIter useIter*updateMap updateMap*useIter</Formula>
    </Property>
    <Categories>match</Categories>
</mop>

//// 1. Logic Plugin Input to ere

<mop>
    <Client>RVMonitor</Client>
    <Events>createColl createIter useIter updateMap</Events>
    <Property>
        <Logic>ere</Logic>
        <Formula>createColl updateMap*createIter useIter*updateMap updateMap*useIter</Formula>
    </Property>
    <Categories>match</Categories>
</mop>

//// 1. Logic Plugin Output from ere

<mop>
    <Client>RVMonitor</Client>
    <Events>createColl createIter useIter updateMap</Events>
    <Property>
        <Logic>fsm</Logic>
        <Formula>s0 [
   createColl -&gt; s1
]
s1 [
   createIter -&gt; s2
   updateMap -&gt; s1
]
s2 [
   useIter -&gt; s2
   updateMap -&gt; s3
]
s3 [
   useIter -&gt; s4
   updateMap -&gt; s3
]
s4 [
]
alias match = s4 
</Formula>
    </Property>
    <Categories>match</Categories>
</mop>

//// 2. Logic Plugin Input to fsm

<mop>
    <Client>RVMonitor</Client>
    <Events>createColl createIter useIter updateMap</Events>
    <Property>
        <Logic>fsm</Logic>
        <Formula>s0 [
   createColl -&gt; s1
]
s1 [
   createIter -&gt; s2
   updateMap -&gt; s1
]
s2 [
   useIter -&gt; s2
   updateMap -&gt; s3
]
s3 [
   useIter -&gt; s4
   updateMap -&gt; s3
]
s4 [
]
alias match = s4 
</Formula>
    </Property>
    <Categories>match</Categories>
</mop>

//// 2. Logic Plugin Output from fsm

<mop>
    <Client>RVMonitor</Client>
    <Events>createColl createIter useIter updateMap</Events>
    <Property>
        <Logic>fsm</Logic>
        <Formula>s0[
  createColl -&gt; s1
]
s2[
  updateMap -&gt; s3
  useIter -&gt; s2
]
s1[
  updateMap -&gt; s1
  createIter -&gt; s2
]
s3[
  updateMap -&gt; s3
  useIter -&gt; s4
]
s4[

]
alias match = s4
</Formula>
    </Property>
    <Categories>match</Categories>
    <CreationEvents> createColl</CreationEvents>
    <Message>done</Message>
    <EnableSets>// match Enables
{updateMap=[[createColl], [updateMap, useIter, createColl, createIter], [createColl, updateMap, createIter], [createColl, updateMap], [createColl, useIter, createIter], [createColl, createIter]], createColl=[[]], createIter=[[createColl], [createColl, updateMap]], useIter=[[updateMap, useIter, createColl, createIter], [updateMap, createColl, createIter], [createColl, useIter, createIter], [createColl, createIter]]}
// match Coenables
{updateMap=[[updateMap, createIter, useIter], [useIter], [updateMap, useIter]], createColl=[[updateMap, createIter, useIter]], createIter=[[updateMap, useIter]], useIter=[[updateMap, useIter]]}
</EnableSets>
</mop>

//// Logic Repository Output

<mop>
    <Client>RVMonitor</Client>
    <Events>createColl createIter useIter updateMap</Events>
    <Property>
        <Logic>fsm</Logic>
        <Formula>s0[
  createColl -&gt; s1
]
s2[
  updateMap -&gt; s3
  useIter -&gt; s2
]
s1[
  updateMap -&gt; s1
  createIter -&gt; s2
]
s3[
  updateMap -&gt; s3
  useIter -&gt; s4
]
s4[

]
alias match = s4
</Formula>
    </Property>
    <Categories>match</Categories>
    <CreationEvents> createColl</CreationEvents>
    <Message>done</Message>
    <EnableSets>// match Enables
{updateMap=[[createColl], [updateMap, useIter, createColl, createIter], [createColl, updateMap, createIter], [createColl, updateMap], [createColl, useIter, createIter], [createColl, createIter]], createColl=[[]], createIter=[[createColl], [createColl, updateMap]], useIter=[[updateMap, useIter, createColl, createIter], [updateMap, createColl, createIter], [createColl, useIter, createIter], [createColl, createIter]]}
// match Coenables
{updateMap=[[updateMap, createIter, useIter], [useIter], [updateMap, useIter]], createColl=[[updateMap, createIter, useIter]], createIter=[[updateMap, useIter]], useIter=[[updateMap, useIter]]}
</EnableSets>
</mop>

///////////// A request at 07/21/2015 09:58:03 /////////////
//// Result Status
Success
//// Execution Time
796ms
//// Client Name
RVMonitor
//// Logic Name
ere
//// Logic Repository Input

<mop>
    <Client>RVMonitor</Client>
    <Events>createColl createIter useIter updateMap</Events>
    <Property>
        <Logic>ere</Logic>
        <Formula>createColl updateMap*createIter useIter*updateMap updateMap*useIter</Formula>
    </Property>
    <Categories>match</Categories>
</mop>

//// 1. Logic Plugin Input to ere

<mop>
    <Client>RVMonitor</Client>
    <Events>createColl createIter useIter updateMap</Events>
    <Property>
        <Logic>ere</Logic>
        <Formula>createColl updateMap*createIter useIter*updateMap updateMap*useIter</Formula>
    </Property>
    <Categories>match</Categories>
</mop>

//// 1. Logic Plugin Output from ere

<mop>
    <Client>RVMonitor</Client>
    <Events>createColl createIter useIter updateMap</Events>
    <Property>
        <Logic>fsm</Logic>
        <Formula>s0 [
   createColl -&gt; s1
]
s1 [
   createIter -&gt; s2
   updateMap -&gt; s1
]
s2 [
   useIter -&gt; s2
   updateMap -&gt; s3
]
s3 [
   useIter -&gt; s4
   updateMap -&gt; s3
]
s4 [
]
alias match = s4 
</Formula>
    </Property>
    <Categories>match</Categories>
</mop>

//// 2. Logic Plugin Input to fsm

<mop>
    <Client>RVMonitor</Client>
    <Events>createColl createIter useIter updateMap</Events>
    <Property>
        <Logic>fsm</Logic>
        <Formula>s0 [
   createColl -&gt; s1
]
s1 [
   createIter -&gt; s2
   updateMap -&gt; s1
]
s2 [
   useIter -&gt; s2
   updateMap -&gt; s3
]
s3 [
   useIter -&gt; s4
   updateMap -&gt; s3
]
s4 [
]
alias match = s4 
</Formula>
    </Property>
    <Categories>match</Categories>
</mop>

//// 2. Logic Plugin Output from fsm

<mop>
    <Client>RVMonitor</Client>
    <Events>createColl createIter useIter updateMap</Events>
    <Property>
        <Logic>fsm</Logic>
        <Formula>s0[
  createColl -&gt; s1
]
s2[
  updateMap -&gt; s3
  useIter -&gt; s2
]
s1[
  updateMap -&gt; s1
  createIter -&gt; s2
]
s3[
  updateMap -&gt; s3
  useIter -&gt; s4
]
s4[

]
alias match = s4
</Formula>
    </Property>
    <Categories>match</Categories>
    <CreationEvents> createColl</CreationEvents>
    <Message>done</Message>
    <EnableSets>// match Enables
{updateMap=[[createColl], [updateMap, useIter, createColl, createIter], [createColl, updateMap, createIter], [createColl, updateMap], [createColl, useIter, createIter], [createColl, createIter]], createColl=[[]], createIter=[[createColl], [createColl, updateMap]], useIter=[[updateMap, useIter, createColl, createIter], [updateMap, createColl, createIter], [createColl, useIter, createIter], [createColl, createIter]]}
// match Coenables
{updateMap=[[updateMap, createIter, useIter], [useIter], [updateMap, useIter]], createColl=[[updateMap, createIter, useIter]], createIter=[[updateMap, useIter]], useIter=[[updateMap, useIter]]}
</EnableSets>
</mop>

//// Logic Repository Output

<mop>
    <Client>RVMonitor</Client>
    <Events>createColl createIter useIter updateMap</Events>
    <Property>
        <Logic>fsm</Logic>
        <Formula>s0[
  createColl -&gt; s1
]
s2[
  updateMap -&gt; s3
  useIter -&gt; s2
]
s1[
  updateMap -&gt; s1
  createIter -&gt; s2
]
s3[
  updateMap -&gt; s3
  useIter -&gt; s4
]
s4[

]
alias match = s4
</Formula>
    </Property>
    <Categories>match</Categories>
    <CreationEvents> createColl</CreationEvents>
    <Message>done</Message>
    <EnableSets>// match Enables
{updateMap=[[createColl], [updateMap, useIter, createColl, createIter], [createColl, updateMap, createIter], [createColl, updateMap], [createColl, useIter, createIter], [createColl, createIter]], createColl=[[]], createIter=[[createColl], [createColl, updateMap]], useIter=[[updateMap, useIter, createColl, createIter], [updateMap, createColl, createIter], [createColl, useIter, createIter], [createColl, createIter]]}
// match Coenables
{updateMap=[[updateMap, createIter, useIter], [useIter], [updateMap, useIter]], createColl=[[updateMap, createIter, useIter]], createIter=[[updateMap, useIter]], useIter=[[updateMap, useIter]]}
</EnableSets>
</mop>

///////////// A request at 07/21/2015 09:58:21 /////////////
//// Result Status
Success
//// Execution Time
739ms
//// Client Name
RVMonitor
//// Logic Name
ere
//// Logic Repository Input

<mop>
    <Client>RVMonitor</Client>
    <Events>createColl createIter useIter updateMap</Events>
    <Property>
        <Logic>ere</Logic>
        <Formula>createColl updateMap*createIter useIter*updateMap updateMap*useIter</Formula>
    </Property>
    <Categories>match</Categories>
</mop>

//// 1. Logic Plugin Input to ere

<mop>
    <Client>RVMonitor</Client>
    <Events>createColl createIter useIter updateMap</Events>
    <Property>
        <Logic>ere</Logic>
        <Formula>createColl updateMap*createIter useIter*updateMap updateMap*useIter</Formula>
    </Property>
    <Categories>match</Categories>
</mop>

//// 1. Logic Plugin Output from ere

<mop>
    <Client>RVMonitor</Client>
    <Events>createColl createIter useIter updateMap</Events>
    <Property>
        <Logic>fsm</Logic>
        <Formula>s0 [
   createColl -&gt; s1
]
s1 [
   createIter -&gt; s2
   updateMap -&gt; s1
]
s2 [
   useIter -&gt; s2
   updateMap -&gt; s3
]
s3 [
   useIter -&gt; s4
   updateMap -&gt; s3
]
s4 [
]
alias match = s4 
</Formula>
    </Property>
    <Categories>match</Categories>
</mop>

//// 2. Logic Plugin Input to fsm

<mop>
    <Client>RVMonitor</Client>
    <Events>createColl createIter useIter updateMap</Events>
    <Property>
        <Logic>fsm</Logic>
        <Formula>s0 [
   createColl -&gt; s1
]
s1 [
   createIter -&gt; s2
   updateMap -&gt; s1
]
s2 [
   useIter -&gt; s2
   updateMap -&gt; s3
]
s3 [
   useIter -&gt; s4
   updateMap -&gt; s3
]
s4 [
]
alias match = s4 
</Formula>
    </Property>
    <Categories>match</Categories>
</mop>

//// 2. Logic Plugin Output from fsm

<mop>
    <Client>RVMonitor</Client>
    <Events>createColl createIter useIter updateMap</Events>
    <Property>
        <Logic>fsm</Logic>
        <Formula>s0[
  createColl -&gt; s1
]
s2[
  updateMap -&gt; s3
  useIter -&gt; s2
]
s1[
  updateMap -&gt; s1
  createIter -&gt; s2
]
s3[
  updateMap -&gt; s3
  useIter -&gt; s4
]
s4[

]
alias match = s4
</Formula>
    </Property>
    <Categories>match</Categories>
    <CreationEvents> createColl</CreationEvents>
    <Message>done</Message>
    <EnableSets>// match Enables
{updateMap=[[createColl], [updateMap, useIter, createColl, createIter], [createColl, updateMap, createIter], [createColl, updateMap], [createColl, useIter, createIter], [createColl, createIter]], createColl=[[]], createIter=[[createColl], [createColl, updateMap]], useIter=[[updateMap, useIter, createColl, createIter], [updateMap, createColl, createIter], [createColl, useIter, createIter], [createColl, createIter]]}
// match Coenables
{updateMap=[[updateMap, createIter, useIter], [useIter], [updateMap, useIter]], createColl=[[updateMap, createIter, useIter]], createIter=[[updateMap, useIter]], useIter=[[updateMap, useIter]]}
</EnableSets>
</mop>

//// Logic Repository Output

<mop>
    <Client>RVMonitor</Client>
    <Events>createColl createIter useIter updateMap</Events>
    <Property>
        <Logic>fsm</Logic>
        <Formula>s0[
  createColl -&gt; s1
]
s2[
  updateMap -&gt; s3
  useIter -&gt; s2
]
s1[
  updateMap -&gt; s1
  createIter -&gt; s2
]
s3[
  updateMap -&gt; s3
  useIter -&gt; s4
]
s4[

]
alias match = s4
</Formula>
    </Property>
    <Categories>match</Categories>
    <CreationEvents> createColl</CreationEvents>
    <Message>done</Message>
    <EnableSets>// match Enables
{updateMap=[[createColl], [updateMap, useIter, createColl, createIter], [createColl, updateMap, createIter], [createColl, updateMap], [createColl, useIter, createIter], [createColl, createIter]], createColl=[[]], createIter=[[createColl], [createColl, updateMap]], useIter=[[updateMap, useIter, createColl, createIter], [updateMap, createColl, createIter], [createColl, useIter, createIter], [createColl, createIter]]}
// match Coenables
{updateMap=[[updateMap, createIter, useIter], [useIter], [updateMap, useIter]], createColl=[[updateMap, createIter, useIter]], createIter=[[updateMap, useIter]], useIter=[[updateMap, useIter]]}
</EnableSets>
</mop>

///////////// A request at 07/21/2015 10:05:31 /////////////
//// Result Status
Success
//// Execution Time
962ms
//// Client Name
RVMonitor
//// Logic Name
ere
//// Logic Repository Input

<mop>
    <Client>RVMonitor</Client>
    <Events>createColl createIter useIter updateMap</Events>
    <Property>
        <Logic>ere</Logic>
        <Formula>createColl updateMap*createIter useIter*updateMap updateMap*useIter</Formula>
    </Property>
    <Categories>match</Categories>
</mop>

//// 1. Logic Plugin Input to ere

<mop>
    <Client>RVMonitor</Client>
    <Events>createColl createIter useIter updateMap</Events>
    <Property>
        <Logic>ere</Logic>
        <Formula>createColl updateMap*createIter useIter*updateMap updateMap*useIter</Formula>
    </Property>
    <Categories>match</Categories>
</mop>

//// 1. Logic Plugin Output from ere

<mop>
    <Client>RVMonitor</Client>
    <Events>createColl createIter useIter updateMap</Events>
    <Property>
        <Logic>fsm</Logic>
        <Formula>s0 [
   createColl -&gt; s1
]
s1 [
   createIter -&gt; s2
   updateMap -&gt; s1
]
s2 [
   useIter -&gt; s2
   updateMap -&gt; s3
]
s3 [
   useIter -&gt; s4
   updateMap -&gt; s3
]
s4 [
]
alias match = s4 
</Formula>
    </Property>
    <Categories>match</Categories>
</mop>

//// 2. Logic Plugin Input to fsm

<mop>
    <Client>RVMonitor</Client>
    <Events>createColl createIter useIter updateMap</Events>
    <Property>
        <Logic>fsm</Logic>
        <Formula>s0 [
   createColl -&gt; s1
]
s1 [
   createIter -&gt; s2
   updateMap -&gt; s1
]
s2 [
   useIter -&gt; s2
   updateMap -&gt; s3
]
s3 [
   useIter -&gt; s4
   updateMap -&gt; s3
]
s4 [
]
alias match = s4 
</Formula>
    </Property>
    <Categories>match</Categories>
</mop>

//// 2. Logic Plugin Output from fsm

<mop>
    <Client>RVMonitor</Client>
    <Events>createColl createIter useIter updateMap</Events>
    <Property>
        <Logic>fsm</Logic>
        <Formula>s0[
  createColl -&gt; s1
]
s2[
  updateMap -&gt; s3
  useIter -&gt; s2
]
s1[
  updateMap -&gt; s1
  createIter -&gt; s2
]
s3[
  updateMap -&gt; s3
  useIter -&gt; s4
]
s4[

]
alias match = s4
</Formula>
    </Property>
    <Categories>match</Categories>
    <CreationEvents> createColl</CreationEvents>
    <Message>done</Message>
    <EnableSets>// match Enables
{updateMap=[[createColl], [updateMap, useIter, createColl, createIter], [createColl, updateMap, createIter], [createColl, updateMap], [createColl, useIter, createIter], [createColl, createIter]], createColl=[[]], createIter=[[createColl], [createColl, updateMap]], useIter=[[updateMap, useIter, createColl, createIter], [updateMap, createColl, createIter], [createColl, useIter, createIter], [createColl, createIter]]}
// match Coenables
{updateMap=[[updateMap, createIter, useIter], [useIter], [updateMap, useIter]], createColl=[[updateMap, createIter, useIter]], createIter=[[updateMap, useIter]], useIter=[[updateMap, useIter]]}
</EnableSets>
</mop>

//// Logic Repository Output

<mop>
    <Client>RVMonitor</Client>
    <Events>createColl createIter useIter updateMap</Events>
    <Property>
        <Logic>fsm</Logic>
        <Formula>s0[
  createColl -&gt; s1
]
s2[
  updateMap -&gt; s3
  useIter -&gt; s2
]
s1[
  updateMap -&gt; s1
  createIter -&gt; s2
]
s3[
  updateMap -&gt; s3
  useIter -&gt; s4
]
s4[

]
alias match = s4
</Formula>
    </Property>
    <Categories>match</Categories>
    <CreationEvents> createColl</CreationEvents>
    <Message>done</Message>
    <EnableSets>// match Enables
{updateMap=[[createColl], [updateMap, useIter, createColl, createIter], [createColl, updateMap, createIter], [createColl, updateMap], [createColl, useIter, createIter], [createColl, createIter]], createColl=[[]], createIter=[[createColl], [createColl, updateMap]], useIter=[[updateMap, useIter, createColl, createIter], [updateMap, createColl, createIter], [createColl, useIter, createIter], [createColl, createIter]]}
// match Coenables
{updateMap=[[updateMap, createIter, useIter], [useIter], [updateMap, useIter]], createColl=[[updateMap, createIter, useIter]], createIter=[[updateMap, useIter]], useIter=[[updateMap, useIter]]}
</EnableSets>
</mop>

///////////// A request at 07/21/2015 10:08:00 /////////////
//// Result Status
Success
//// Execution Time
827ms
//// Client Name
RVMonitor
//// Logic Name
ere
//// Logic Repository Input

<mop>
    <Client>RVMonitor</Client>
    <Events>createColl createIter useIter updateMap</Events>
    <Property>
        <Logic>ere</Logic>
        <Formula>createColl updateMap*createIter useIter*updateMap updateMap*useIter</Formula>
    </Property>
    <Categories>match</Categories>
</mop>

//// 1. Logic Plugin Input to ere

<mop>
    <Client>RVMonitor</Client>
    <Events>createColl createIter useIter updateMap</Events>
    <Property>
        <Logic>ere</Logic>
        <Formula>createColl updateMap*createIter useIter*updateMap updateMap*useIter</Formula>
    </Property>
    <Categories>match</Categories>
</mop>

//// 1. Logic Plugin Output from ere

<mop>
    <Client>RVMonitor</Client>
    <Events>createColl createIter useIter updateMap</Events>
    <Property>
        <Logic>fsm</Logic>
        <Formula>s0 [
   createColl -&gt; s1
]
s1 [
   createIter -&gt; s2
   updateMap -&gt; s1
]
s2 [
   useIter -&gt; s2
   updateMap -&gt; s3
]
s3 [
   useIter -&gt; s4
   updateMap -&gt; s3
]
s4 [
]
alias match = s4 
</Formula>
    </Property>
    <Categories>match</Categories>
</mop>

//// 2. Logic Plugin Input to fsm

<mop>
    <Client>RVMonitor</Client>
    <Events>createColl createIter useIter updateMap</Events>
    <Property>
        <Logic>fsm</Logic>
        <Formula>s0 [
   createColl -&gt; s1
]
s1 [
   createIter -&gt; s2
   updateMap -&gt; s1
]
s2 [
   useIter -&gt; s2
   updateMap -&gt; s3
]
s3 [
   useIter -&gt; s4
   updateMap -&gt; s3
]
s4 [
]
alias match = s4 
</Formula>
    </Property>
    <Categories>match</Categories>
</mop>

//// 2. Logic Plugin Output from fsm

<mop>
    <Client>RVMonitor</Client>
    <Events>createColl createIter useIter updateMap</Events>
    <Property>
        <Logic>fsm</Logic>
        <Formula>s0[
  createColl -&gt; s1
]
s2[
  updateMap -&gt; s3
  useIter -&gt; s2
]
s1[
  updateMap -&gt; s1
  createIter -&gt; s2
]
s3[
  updateMap -&gt; s3
  useIter -&gt; s4
]
s4[

]
alias match = s4
</Formula>
    </Property>
    <Categories>match</Categories>
    <CreationEvents> createColl</CreationEvents>
    <Message>done</Message>
    <EnableSets>// match Enables
{updateMap=[[createColl], [updateMap, useIter, createColl, createIter], [createColl, updateMap, createIter], [createColl, updateMap], [createColl, useIter, createIter], [createColl, createIter]], createColl=[[]], createIter=[[createColl], [createColl, updateMap]], useIter=[[updateMap, useIter, createColl, createIter], [updateMap, createColl, createIter], [createColl, useIter, createIter], [createColl, createIter]]}
// match Coenables
{updateMap=[[updateMap, createIter, useIter], [useIter], [updateMap, useIter]], createColl=[[updateMap, createIter, useIter]], createIter=[[updateMap, useIter]], useIter=[[updateMap, useIter]]}
</EnableSets>
</mop>

//// Logic Repository Output

<mop>
    <Client>RVMonitor</Client>
    <Events>createColl createIter useIter updateMap</Events>
    <Property>
        <Logic>fsm</Logic>
        <Formula>s0[
  createColl -&gt; s1
]
s2[
  updateMap -&gt; s3
  useIter -&gt; s2
]
s1[
  updateMap -&gt; s1
  createIter -&gt; s2
]
s3[
  updateMap -&gt; s3
  useIter -&gt; s4
]
s4[

]
alias match = s4
</Formula>
    </Property>
    <Categories>match</Categories>
    <CreationEvents> createColl</CreationEvents>
    <Message>done</Message>
    <EnableSets>// match Enables
{updateMap=[[createColl], [updateMap, useIter, createColl, createIter], [createColl, updateMap, createIter], [createColl, updateMap], [createColl, useIter, createIter], [createColl, createIter]], createColl=[[]], createIter=[[createColl], [createColl, updateMap]], useIter=[[updateMap, useIter, createColl, createIter], [updateMap, createColl, createIter], [createColl, useIter, createIter], [createColl, createIter]]}
// match Coenables
{updateMap=[[updateMap, createIter, useIter], [useIter], [updateMap, useIter]], createColl=[[updateMap, createIter, useIter]], createIter=[[updateMap, useIter]], useIter=[[updateMap, useIter]]}
</EnableSets>
</mop>

///////////// A request at 07/21/2015 10:18:46 /////////////
//// Result Status
Success
//// Execution Time
727ms
//// Client Name
RVMonitor
//// Logic Name
ere
//// Logic Repository Input

<mop>
    <Client>RVMonitor</Client>
    <Events>createColl createIter useIter updateMap</Events>
    <Property>
        <Logic>ere</Logic>
        <Formula>createColl updateMap*createIter useIter*updateMap updateMap*useIter</Formula>
    </Property>
    <Categories>match</Categories>
</mop>

//// 1. Logic Plugin Input to ere

<mop>
    <Client>RVMonitor</Client>
    <Events>createColl createIter useIter updateMap</Events>
    <Property>
        <Logic>ere</Logic>
        <Formula>createColl updateMap*createIter useIter*updateMap updateMap*useIter</Formula>
    </Property>
    <Categories>match</Categories>
</mop>

//// 1. Logic Plugin Output from ere

<mop>
    <Client>RVMonitor</Client>
    <Events>createColl createIter useIter updateMap</Events>
    <Property>
        <Logic>fsm</Logic>
        <Formula>s0 [
   createColl -&gt; s1
]
s1 [
   createIter -&gt; s2
   updateMap -&gt; s1
]
s2 [
   useIter -&gt; s2
   updateMap -&gt; s3
]
s3 [
   useIter -&gt; s4
   updateMap -&gt; s3
]
s4 [
]
alias match = s4 
</Formula>
    </Property>
    <Categories>match</Categories>
</mop>

//// 2. Logic Plugin Input to fsm

<mop>
    <Client>RVMonitor</Client>
    <Events>createColl createIter useIter updateMap</Events>
    <Property>
        <Logic>fsm</Logic>
        <Formula>s0 [
   createColl -&gt; s1
]
s1 [
   createIter -&gt; s2
   updateMap -&gt; s1
]
s2 [
   useIter -&gt; s2
   updateMap -&gt; s3
]
s3 [
   useIter -&gt; s4
   updateMap -&gt; s3
]
s4 [
]
alias match = s4 
</Formula>
    </Property>
    <Categories>match</Categories>
</mop>

//// 2. Logic Plugin Output from fsm

<mop>
    <Client>RVMonitor</Client>
    <Events>createColl createIter useIter updateMap</Events>
    <Property>
        <Logic>fsm</Logic>
        <Formula>s0[
  createColl -&gt; s1
]
s2[
  updateMap -&gt; s3
  useIter -&gt; s2
]
s1[
  updateMap -&gt; s1
  createIter -&gt; s2
]
s3[
  updateMap -&gt; s3
  useIter -&gt; s4
]
s4[

]
alias match = s4
</Formula>
    </Property>
    <Categories>match</Categories>
    <CreationEvents> createColl</CreationEvents>
    <Message>done</Message>
    <EnableSets>// match Enables
{updateMap=[[createColl], [updateMap, useIter, createColl, createIter], [createColl, updateMap, createIter], [createColl, updateMap], [createColl, useIter, createIter], [createColl, createIter]], createColl=[[]], createIter=[[createColl], [createColl, updateMap]], useIter=[[updateMap, useIter, createColl, createIter], [updateMap, createColl, createIter], [createColl, useIter, createIter], [createColl, createIter]]}
// match Coenables
{updateMap=[[updateMap, createIter, useIter], [useIter], [updateMap, useIter]], createColl=[[updateMap, createIter, useIter]], createIter=[[updateMap, useIter]], useIter=[[updateMap, useIter]]}
</EnableSets>
</mop>

//// Logic Repository Output

<mop>
    <Client>RVMonitor</Client>
    <Events>createColl createIter useIter updateMap</Events>
    <Property>
        <Logic>fsm</Logic>
        <Formula>s0[
  createColl -&gt; s1
]
s2[
  updateMap -&gt; s3
  useIter -&gt; s2
]
s1[
  updateMap -&gt; s1
  createIter -&gt; s2
]
s3[
  updateMap -&gt; s3
  useIter -&gt; s4
]
s4[

]
alias match = s4
</Formula>
    </Property>
    <Categories>match</Categories>
    <CreationEvents> createColl</CreationEvents>
    <Message>done</Message>
    <EnableSets>// match Enables
{updateMap=[[createColl], [updateMap, useIter, createColl, createIter], [createColl, updateMap, createIter], [createColl, updateMap], [createColl, useIter, createIter], [createColl, createIter]], createColl=[[]], createIter=[[createColl], [createColl, updateMap]], useIter=[[updateMap, useIter, createColl, createIter], [updateMap, createColl, createIter], [createColl, useIter, createIter], [createColl, createIter]]}
// match Coenables
{updateMap=[[updateMap, createIter, useIter], [useIter], [updateMap, useIter]], createColl=[[updateMap, createIter, useIter]], createIter=[[updateMap, useIter]], useIter=[[updateMap, useIter]]}
</EnableSets>
</mop>

///////////// A request at 07/21/2015 10:19:31 /////////////
//// Result Status
Success
//// Execution Time
1572ms
//// Client Name
RVMonitor
//// Logic Name
ere
//// Logic Repository Input

<mop>
    <Client>RVMonitor</Client>
    <Events>createColl createIter useIter updateMap</Events>
    <Property>
        <Logic>ere</Logic>
        <Formula>createColl updateMap*createIter useIter*updateMap updateMap*useIter</Formula>
    </Property>
    <Categories>match</Categories>
</mop>

//// 1. Logic Plugin Input to ere

<mop>
    <Client>RVMonitor</Client>
    <Events>createColl createIter useIter updateMap</Events>
    <Property>
        <Logic>ere</Logic>
        <Formula>createColl updateMap*createIter useIter*updateMap updateMap*useIter</Formula>
    </Property>
    <Categories>match</Categories>
</mop>

//// 1. Logic Plugin Output from ere

<mop>
    <Client>RVMonitor</Client>
    <Events>createColl createIter useIter updateMap</Events>
    <Property>
        <Logic>fsm</Logic>
        <Formula>s0 [
   createColl -&gt; s1
]
s1 [
   createIter -&gt; s2
   updateMap -&gt; s1
]
s2 [
   useIter -&gt; s2
   updateMap -&gt; s3
]
s3 [
   useIter -&gt; s4
   updateMap -&gt; s3
]
s4 [
]
alias match = s4 
</Formula>
    </Property>
    <Categories>match</Categories>
</mop>

//// 2. Logic Plugin Input to fsm

<mop>
    <Client>RVMonitor</Client>
    <Events>createColl createIter useIter updateMap</Events>
    <Property>
        <Logic>fsm</Logic>
        <Formula>s0 [
   createColl -&gt; s1
]
s1 [
   createIter -&gt; s2
   updateMap -&gt; s1
]
s2 [
   useIter -&gt; s2
   updateMap -&gt; s3
]
s3 [
   useIter -&gt; s4
   updateMap -&gt; s3
]
s4 [
]
alias match = s4 
</Formula>
    </Property>
    <Categories>match</Categories>
</mop>

//// 2. Logic Plugin Output from fsm

<mop>
    <Client>RVMonitor</Client>
    <Events>createColl createIter useIter updateMap</Events>
    <Property>
        <Logic>fsm</Logic>
        <Formula>s0[
  createColl -&gt; s1
]
s2[
  updateMap -&gt; s3
  useIter -&gt; s2
]
s1[
  updateMap -&gt; s1
  createIter -&gt; s2
]
s3[
  updateMap -&gt; s3
  useIter -&gt; s4
]
s4[

]
alias match = s4
</Formula>
    </Property>
    <Categories>match</Categories>
    <CreationEvents> createColl</CreationEvents>
    <Message>done</Message>
    <EnableSets>// match Enables
{updateMap=[[createColl], [updateMap, useIter, createColl, createIter], [createColl, updateMap, createIter], [createColl, updateMap], [createColl, useIter, createIter], [createColl, createIter]], createColl=[[]], createIter=[[createColl], [createColl, updateMap]], useIter=[[updateMap, useIter, createColl, createIter], [updateMap, createColl, createIter], [createColl, useIter, createIter], [createColl, createIter]]}
// match Coenables
{updateMap=[[updateMap, createIter, useIter], [useIter], [updateMap, useIter]], createColl=[[updateMap, createIter, useIter]], createIter=[[updateMap, useIter]], useIter=[[updateMap, useIter]]}
</EnableSets>
</mop>

//// Logic Repository Output

<mop>
    <Client>RVMonitor</Client>
    <Events>createColl createIter useIter updateMap</Events>
    <Property>
        <Logic>fsm</Logic>
        <Formula>s0[
  createColl -&gt; s1
]
s2[
  updateMap -&gt; s3
  useIter -&gt; s2
]
s1[
  updateMap -&gt; s1
  createIter -&gt; s2
]
s3[
  updateMap -&gt; s3
  useIter -&gt; s4
]
s4[

]
alias match = s4
</Formula>
    </Property>
    <Categories>match</Categories>
    <CreationEvents> createColl</CreationEvents>
    <Message>done</Message>
    <EnableSets>// match Enables
{updateMap=[[createColl], [updateMap, useIter, createColl, createIter], [createColl, updateMap, createIter], [createColl, updateMap], [createColl, useIter, createIter], [createColl, createIter]], createColl=[[]], createIter=[[createColl], [createColl, updateMap]], useIter=[[updateMap, useIter, createColl, createIter], [updateMap, createColl, createIter], [createColl, useIter, createIter], [createColl, createIter]]}
// match Coenables
{updateMap=[[updateMap, createIter, useIter], [useIter], [updateMap, useIter]], createColl=[[updateMap, createIter, useIter]], createIter=[[updateMap, useIter]], useIter=[[updateMap, useIter]]}
</EnableSets>
</mop>

